alleen dan
aangezien
anders
bijgevolg
blijkens
daar
daardoor
daarmee
daarom
daartoe
daarvoor
dan ook
dankzij
derhalve
dientengevolge
doordat
dus
ergo
ermee
erom
ertoe
getuige VZ
gezien VZ
hierdoor
hiermee
hierom
hiertoe
hiervoor
immers
in verband met
indien
ingeval
ingevolge
krachtens
met behulp van
middels
mits
namelijk
om VG
omdat
opdat
teneinde
vanwege
vermits
waardoor
waarmee
waarom
waartoe
wanneer VG
want
wegens
zodat
zodoende
zolang
dan ook
tengevolge van
vandaar dat
zo VW
zo ja
zo nee
zo niet
zodoende
