bovenal
bovendien
buitendien
daarbij komt
daarenboven
daarnaast
eveneens
evenmin
hetzij
hierenboven
hoofdzakelijk
in de eerste plaats
in de tweede plaats
in de derde plaats
in de vierde plaats
in het bijzonder
met name
nog eens
om te beginnen
ook
ook nog
ook nog eens
op de eerste plaats
op de tweede plaats
op de derde plaats
op de vierde plaats
temeer
ten derde
ten eerste
ten tweede
ten vierde
tevens
ten overvloede
vooral
voornamelijk
voorts
waarnaast
zelfs
