aanstonds
achtereenvolgens
aldoor
aleer
altijd
alvast
alvorens
bijtijds
binnenkort
daarna
daarnet
daarstraks
daartussendoor
dadelijk
destijds
eensklaps
eer VG
eerdaags
eerdat
eerlang
eerst BW
eertijds
eindelijk
ertussendoor
hoelang
indertijd
ineens
ingaande
inmiddels
meestal
meteen
nadat
naderhand
nadezen
nadien
net BW
olim
onderwijl
onlangs
opeens
pardoes
pas BW
plots
plotsklaps
recentelijk
reeds
sedertdien
sinds
sindsdien
steeds 
strakjes
straks
subiet
tegelijk
tegelijkertijd
terstond
tevoren
tezelfdertijd
thans
toen
toenmaals
toentertijd
totdat
vervolgens
vooraf
vooraleer
vooralsnog
voordat
voorheen
wederom
weer BW
weldra
weleer
zodra
zo-even
zo even
zo gauw
zogauw
zojuist
zolang
zonet
zopas
a la minute
hic et nunc
