aan de hand van
aan het adres van
afgezien van
al naargelang
al naargelang van
als gevolg van
bij de gratie van
bij monde van
bij wijze van
buiten medeweten van
door middel van
door toedoen van
in antwoord op
in de richting van
in de trant van
in geval van
in het kader van
in het licht van
in naam van
in opdracht van
in overeenstemming met
in overleg met
in plaats van
in strijd met
in tegenstelling met
in tegenstelling tot
in verband met
in verhouding tot
in weerwil van
met behoud van
met behulp van
met betrekking tot
met gebruikmaking van
met het oog op
met inachtneming van
met ingang van
met medewerking van
met medeweten van
met uitzondering van
met weglating van
na verloop van
naar aanleiding van
naargelang van
naarmate van
omwille van
onder invloed van
onder leiding van
onder verwijzing naar
op basis van
op de volgende wijze
op grond van
op het gebied van
op het stuk van
op vertoon van
op verzoek van
op voorspraak van
tegen betaling van
ten aanzien van
ten bate van
ten bedrage van
ten behoeve van
ten gerieve van
ten gevolge van
ten gunste van
ten koste van
ten nadele van
ten opzichte van
ten overstaan van
ten tijde van
ten voordele van
ter attentie van
ter gelegenheid van
ter hoogte van
ter wille van
ter zake van
uit een oogpunt van
uit het oogpunt van
uit hoofde van
uit kracht van
uit naam van
van de kant van
van de zijde van
